Gun Scene/Packages/unityLibrary/build/intermediates/manifest_merge_blame_file/release/manifest-merger-blame-release-report.txt
1<?xml version="1.0" encoding="utf-8"?>
2<!-- GENERATED BY UNITY. REMOVE THIS COMMENT TO PREVENT OVERWRITING WHEN EXPORTING AGAIN -->
3<manifest xmlns:android="http://schemas.android.com/apk/res/android"
4    xmlns:tools="http://schemas.android.com/tools"
5    package="com.unity3d.player"
6    android:installLocation="auto"
7    android:versionCode="1"
8    android:versionName="0.1" >
9
10    <uses-sdk
11        android:minSdkVersion="23"
11-->src/main/AndroidManifest.xml
12        android:targetSdkVersion="30" />
12-->src/main/AndroidManifest.xml
13
14    <uses-feature android:glEsVersion="0x00030000" />
14-->src/main/AndroidManifest.xml:22:3-52
14-->src/main/AndroidManifest.xml:22:17-49
15
16    <uses-permission android:name="android.permission.INTERNET" />
16-->src/main/AndroidManifest.xml:23:3-65
16-->src/main/AndroidManifest.xml:23:20-62
17    <uses-permission android:name="android.permission.RECORD_AUDIO" />
17-->src/main/AndroidManifest.xml:24:3-69
17-->src/main/AndroidManifest.xml:24:20-66
18    <uses-permission android:name="android.permission.MODIFY_AUDIO_SETTINGS" />
18-->src/main/AndroidManifest.xml:25:3-78
18-->src/main/AndroidManifest.xml:25:20-75
19
20    <uses-feature
20-->src/main/AndroidManifest.xml:26:3-87
21        android:name="android.hardware.microphone"
21-->src/main/AndroidManifest.xml:26:17-59
22        android:required="false" />
22-->src/main/AndroidManifest.xml:26:60-84
23    <uses-feature
23-->src/main/AndroidManifest.xml:27:3-88
24        android:name="android.hardware.touchscreen"
24-->src/main/AndroidManifest.xml:27:17-60
25        android:required="false" />
25-->src/main/AndroidManifest.xml:27:61-85
26    <uses-feature
26-->src/main/AndroidManifest.xml:28:3-99
27        android:name="android.hardware.touchscreen.multitouch"
27-->src/main/AndroidManifest.xml:28:17-71
28        android:required="false" />
28-->src/main/AndroidManifest.xml:28:72-96
29    <uses-feature
29-->src/main/AndroidManifest.xml:29:3-108
30        android:name="android.hardware.touchscreen.multitouch.distinct"
30-->src/main/AndroidManifest.xml:29:17-80
31        android:required="false" />
31-->src/main/AndroidManifest.xml:29:81-105
32    <uses-feature
32-->src/main/AndroidManifest.xml:30:3-111
33        android:name="android.hardware.vr.headtracking"
33-->src/main/AndroidManifest.xml:30:17-64
34        android:required="true"
34-->src/main/AndroidManifest.xml:30:85-108
35        android:version="1" />
35-->src/main/AndroidManifest.xml:30:65-84
36
37    <application
37-->src/main/AndroidManifest.xml:4:3-21:17
38        android:allowBackup="false"
38-->src/main/AndroidManifest.xml:4:81-108
39        android:icon="@mipmap/app_icon"
39-->src/main/AndroidManifest.xml:4:49-80
40        android:label="@string/app_name"
40-->src/main/AndroidManifest.xml:4:16-48
41        android:networkSecurityConfig="@xml/network_sec_config" >
41-->src/main/AndroidManifest.xml:4:109-164
42        <activity
42-->src/main/AndroidManifest.xml:5:5-13:16
43            android:name="com.unity3d.player.UnityPlayerActivity"
43-->src/main/AndroidManifest.xml:5:15-68
44            android:configChanges="keyboard|keyboardHidden|navigation|orientation|screenLayout|screenSize|uiMode"
44-->src/main/AndroidManifest.xml:5:204-305
45            android:hardwareAccelerated="false"
45-->src/main/AndroidManifest.xml:5:341-376
46            android:launchMode="singleTask"
46-->src/main/AndroidManifest.xml:5:172-203
47            android:resizeableActivity="false"
47-->src/main/AndroidManifest.xml:5:306-340
48            android:screenOrientation="landscape"
48-->src/main/AndroidManifest.xml:5:134-171
49            android:theme="@android:style/Theme.Black.NoTitleBar.Fullscreen" >
49-->src/main/AndroidManifest.xml:5:69-133
50            <intent-filter>
50-->src/main/AndroidManifest.xml:6:7-10:23
51                <action android:name="android.intent.action.MAIN" />
51-->src/main/AndroidManifest.xml:7:9-61
51-->src/main/AndroidManifest.xml:7:17-58
52
53                <category android:name="android.intent.category.LAUNCHER" />
53-->src/main/AndroidManifest.xml:8:9-69
53-->src/main/AndroidManifest.xml:8:19-66
54                <category android:name="com.oculus.intent.category.VR" />
54-->src/main/AndroidManifest.xml:9:9-66
54-->src/main/AndroidManifest.xml:9:19-63
55            </intent-filter>
56
57            <meta-data
57-->src/main/AndroidManifest.xml:11:7-82
58                android:name="unityplayer.UnityActivity"
58-->src/main/AndroidManifest.xml:11:18-58
59                android:value="true" />
59-->src/main/AndroidManifest.xml:11:59-79
60            <meta-data
60-->src/main/AndroidManifest.xml:12:7-81
61                android:name="com.oculus.vr.focusaware"
61-->src/main/AndroidManifest.xml:12:18-57
62                android:value="true" />
62-->src/main/AndroidManifest.xml:12:58-78
63        </activity>
64
65        <meta-data
65-->src/main/AndroidManifest.xml:14:5-69
66            android:name="unity.splash-mode"
66-->src/main/AndroidManifest.xml:14:16-48
67            android:value="0" />
67-->src/main/AndroidManifest.xml:14:49-66
68        <meta-data
68-->src/main/AndroidManifest.xml:15:5-74
69            android:name="unity.splash-enable"
69-->src/main/AndroidManifest.xml:15:16-50
70            android:value="True" />
70-->src/main/AndroidManifest.xml:15:51-71
71        <meta-data
71-->src/main/AndroidManifest.xml:16:5-84
72            android:name="unity.allow-resizable-window"
72-->src/main/AndroidManifest.xml:16:16-59
73            android:value="False" />
73-->src/main/AndroidManifest.xml:16:60-81
74        <meta-data
74-->src/main/AndroidManifest.xml:17:5-101
75            android:name="unity.build-id"
75-->src/main/AndroidManifest.xml:17:16-45
76            android:value="29706bba-f8eb-43b6-b0ce-40ad7076a0e8" />
76-->src/main/AndroidManifest.xml:17:46-98
77        <meta-data
77-->src/main/AndroidManifest.xml:18:5-97
78            android:name="com.samsung.android.vr.application.mode"
78-->src/main/AndroidManifest.xml:18:16-70
79            android:value="vr_only" />
79-->src/main/AndroidManifest.xml:18:71-94
80        <meta-data
80-->src/main/AndroidManifest.xml:19:5-91
81            android:name="com.unity.xr.oculus.LowOverheadMode"
81-->src/main/AndroidManifest.xml:19:16-66
82            android:value="false" />
82-->src/main/AndroidManifest.xml:19:67-88
83        <meta-data
83-->src/main/AndroidManifest.xml:20:5-90
84            android:name="com.oculus.supportedDevices"
84-->src/main/AndroidManifest.xml:20:16-58
85            android:value="quest|quest2" />
85-->src/main/AndroidManifest.xml:20:59-87
86    </application>
87
88</manifest>